Flow report for key_XD
Thu Oct 17 08:36:09 2024
Quartus II 64-Bit Version 13.0.1 Build 232 06/12/2013 Service Pack 1 SJ Full Version


---------------------
; Table of Contents ;
---------------------
  1. Legal Notice
  2. Flow Summary
  3. Flow Settings
  4. Flow Non-Default Global Settings
  5. Flow Elapsed Time
  6. Flow OS Summary
  7. Flow Log
  8. Flow Messages
  9. Flow Suppressed Messages



----------------
; Legal Notice ;
----------------
Copyright (C) 1991-2013 Altera Corporation
Your use of Altera Corporation's design tools, logic functions 
and other software and tools, and its AMPP partner logic 
functions, and any output files from any of the foregoing 
(including device programming or simulation files), and any 
associated documentation or information are expressly subject 
to the terms and conditions of the Altera Program License 
Subscription Agreement, Altera MegaCore Function License 
Agreement, or other applicable license agreement, including, 
without limitation, that your use is for the sole purpose of 
programming logic devices manufactured by Altera and sold by 
Altera or its authorized distributors.  Please refer to the 
applicable agreement for further details.



+---------------------------------------------------------------------------------------+
; Flow Summary                                                                          ;
+------------------------------------+--------------------------------------------------+
; Flow Status                        ; Successful - Thu Oct 17 08:36:09 2024            ;
; Quartus II 64-Bit Version          ; 13.0.1 Build 232 06/12/2013 SP 1 SJ Full Version ;
; Revision Name                      ; key_XD                                           ;
; Top-level Entity Name              ; key_XD                                           ;
; Family                             ; Cyclone IV GX                                    ;
; Total logic elements               ; 45 / 14,400 ( < 1 % )                            ;
;     Total combinational functions  ; 44 / 14,400 ( < 1 % )                            ;
;     Dedicated logic registers      ; 33 / 14,400 ( < 1 % )                            ;
; Total registers                    ; 33                                               ;
; Total pins                         ; 4 / 81 ( 5 % )                                   ;
; Total virtual pins                 ; 0                                                ;
; Total memory bits                  ; 0 / 552,960 ( 0 % )                              ;
; Embedded Multiplier 9-bit elements ; 0                                                ;
; Total GXB Receiver Channel PCS     ; 0 / 2 ( 0 % )                                    ;
; Total GXB Receiver Channel PMA     ; 0 / 2 ( 0 % )                                    ;
; Total GXB Transmitter Channel PCS  ; 0 / 2 ( 0 % )                                    ;
; Total GXB Transmitter Channel PMA  ; 0 / 2 ( 0 % )                                    ;
; Total PLLs                         ; 0 / 3 ( 0 % )                                    ;
; Device                             ; EP4CGX15BF14C6                                   ;
; Timing Models                      ; Final                                            ;
+------------------------------------+--------------------------------------------------+


+-----------------------------------------+
; Flow Settings                           ;
+-------------------+---------------------+
; Option            ; Setting             ;
+-------------------+---------------------+
; Start date & time ; 10/17/2024 08:35:57 ;
; Main task         ; Compilation         ;
; Revision Name     ; key_XD              ;
+-------------------+---------------------+


+-----------------------------------------------------------------------------------------------------------------------+
; Flow Non-Default Global Settings                                                                                      ;
+--------------------------------------+---------------------------------+---------------+-------------+----------------+
; Assignment Name                      ; Value                           ; Default Value ; Entity Name ; Section Id     ;
+--------------------------------------+---------------------------------+---------------+-------------+----------------+
; COMPILER_SIGNATURE_ID                ; 158527624637194.172912535714388 ; --            ; --          ; --             ;
; EDA_DESIGN_INSTANCE_NAME             ; NA                              ; --            ; --          ; key_XD_tb      ;
; EDA_NATIVELINK_SIMULATION_TEST_BENCH ; key_XD_tb                       ; --            ; --          ; eda_simulation ;
; EDA_OUTPUT_DATA_FORMAT               ; Verilog Hdl                     ; --            ; --          ; eda_simulation ;
; EDA_SIMULATION_TOOL                  ; ModelSim (Verilog)              ; <None>        ; --          ; --             ;
; EDA_TEST_BENCH_ENABLE_STATUS         ; TEST_BENCH_MODE                 ; --            ; --          ; eda_simulation ;
; EDA_TEST_BENCH_FILE                  ; ../sim/key_XD_tb.v              ; --            ; --          ; key_XD_tb      ;
; EDA_TEST_BENCH_MODULE_NAME           ; key_XD_tb                       ; --            ; --          ; key_XD_tb      ;
; EDA_TEST_BENCH_NAME                  ; key_XD_tb                       ; --            ; --          ; eda_simulation ;
; EDA_TIME_SCALE                       ; 1 ps                            ; --            ; --          ; eda_simulation ;
; PARTITION_COLOR                      ; 16764057                        ; --            ; --          ; Top            ;
; PARTITION_FITTER_PRESERVATION_LEVEL  ; PLACEMENT_AND_ROUTING           ; --            ; --          ; Top            ;
; PARTITION_NETLIST_TYPE               ; SOURCE                          ; --            ; --          ; Top            ;
; PROJECT_OUTPUT_DIRECTORY             ; output_files                    ; --            ; --          ; --             ;
+--------------------------------------+---------------------------------+---------------+-------------+----------------+


+-------------------------------------------------------------------------------------------------------------------------------+
; Flow Elapsed Time                                                                                                             ;
+---------------------------+--------------+-------------------------+---------------------+------------------------------------+
; Module Name               ; Elapsed Time ; Average Processors Used ; Peak Virtual Memory ; Total CPU Time (on all processors) ;
+---------------------------+--------------+-------------------------+---------------------+------------------------------------+
; Analysis & Synthesis      ; 00:00:01     ; 1.0                     ; 4661 MB             ; 00:00:00                           ;
; Fitter                    ; 00:00:05     ; 1.0                     ; 5389 MB             ; 00:00:02                           ;
; Assembler                 ; 00:00:00     ; 1.0                     ; 4616 MB             ; 00:00:01                           ;
; TimeQuest Timing Analyzer ; 00:00:02     ; 1.0                     ; 4633 MB             ; 00:00:01                           ;
; EDA Netlist Writer        ; 00:00:00     ; 1.0                     ; 4573 MB             ; 00:00:00                           ;
; Total                     ; 00:00:08     ; --                      ; --                  ; 00:00:04                           ;
+---------------------------+--------------+-------------------------+---------------------+------------------------------------+


+----------------------------------------------------------------------------------------+
; Flow OS Summary                                                                        ;
+---------------------------+------------------+-----------+------------+----------------+
; Module Name               ; Machine Hostname ; OS Name   ; OS Version ; Processor type ;
+---------------------------+------------------+-----------+------------+----------------+
; Analysis & Synthesis      ; DESKTOP-51B0UKU  ; Windows 7 ; 6.2        ; x86_64         ;
; Fitter                    ; DESKTOP-51B0UKU  ; Windows 7 ; 6.2        ; x86_64         ;
; Assembler                 ; DESKTOP-51B0UKU  ; Windows 7 ; 6.2        ; x86_64         ;
; TimeQuest Timing Analyzer ; DESKTOP-51B0UKU  ; Windows 7 ; 6.2        ; x86_64         ;
; EDA Netlist Writer        ; DESKTOP-51B0UKU  ; Windows 7 ; 6.2        ; x86_64         ;
+---------------------------+------------------+-----------+------------+----------------+


------------
; Flow Log ;
------------
quartus_map --read_settings_files=on --write_settings_files=off key_XD -c key_XD
quartus_fit --read_settings_files=off --write_settings_files=off key_XD -c key_XD
quartus_asm --read_settings_files=off --write_settings_files=off key_XD -c key_XD
quartus_sta key_XD -c key_XD
quartus_eda --read_settings_files=off --write_settings_files=off key_XD -c key_XD



